2026-04-27 22:50:52,611 - INFO - ============================================================
2026-04-27 22:50:52,611 - INFO - Bangladesh Time: 2026-04-27 22:50:52 BDT
2026-04-27 22:50:52,611 - INFO - Starting scheduled extraction for 2 site(s)
2026-04-27 22:50:52,611 - INFO - ============================================================
2026-04-27 22:50:52,612 - INFO - 
============================================================
2026-04-27 22:50:52,612 - INFO - Processing: https://www.prothomalo.com
2026-04-27 22:50:52,612 - INFO - Excel: output/prothomalo.xlsx
2026-04-27 22:50:52,612 - INFO - DB: output/prothomalo.db
2026-04-27 22:50:52,612 - INFO - ============================================================
2026-04-27 22:50:52,617 - INFO - Database initialized: output/prothomalo.db
2026-04-27 22:50:52,617 - INFO - Starting extraction for https://www.prothomalo.com
2026-04-27 22:50:52,618 - INFO - Processing mode: 5.0% of total URLs
2026-04-27 22:50:52,759 - INFO - Found 2 sitemap(s) in robots.txt
2026-04-27 22:50:52,759 - INFO - Processing 2 sitemap(s)...
2026-04-27 22:50:52,759 - INFO - Processing sitemap: https://www.prothomalo.com/news_sitemap.xml
2026-04-27 22:50:52,839 - INFO - Processing sitemap: https://www.prothomalo.com/sitemap.xml
2026-04-27 22:50:52,895 - INFO - Processing sitemap: https://www.prothomalo.com/sitemap/sitemap-daily-2025-07-12.xml
2026-04-27 22:50:52,946 - INFO - Processing sitemap: https://www.prothomalo.com/sitemap/sitemap-daily-2022-04-15.xml
2026-04-27 22:50:52,993 - INFO - Processing sitemap: https://www.prothomalo.com/sitemap/sitemap-daily-2026-04-17.xml
2026-04-27 22:50:53,049 - INFO - Processing sitemap: https://www.prothomalo.com/sitemap/sitemap-daily-2024-07-12.xml
2026-04-27 22:50:53,105 - INFO - Processing sitemap: https://www.prothomalo.com/sitemap/sitemap-daily-2024-10-17.xml
2026-04-27 22:50:53,226 - INFO - Processing sitemap: https://www.prothomalo.com/sitemap/sitemap-daily-2024-03-11.xml
2026-04-27 22:50:53,278 - INFO - Processing sitemap: https://www.prothomalo.com/sitemap/sitemap-daily-2025-11-27.xml
2026-04-27 22:50:53,321 - INFO - Processing sitemap: https://www.prothomalo.com/sitemap/sitemap-daily-2025-04-23.xml
2026-04-27 22:50:53,369 - INFO - Processing sitemap: https://www.prothomalo.com/sitemap/sitemap-daily-2026-04-18.xml
2026-04-27 22:50:53,415 - INFO - Processing sitemap: https://www.prothomalo.com/sitemap/sitemap-daily-2026-04-26.xml
2026-04-27 22:50:53,478 - INFO - Processing sitemap: https://www.prothomalo.com/sitemap/sitemap-daily-2025-09-12.xml
2026-04-27 22:50:53,532 - INFO - Processing sitemap: https://www.prothomalo.com/sitemap/sitemap-daily-2025-05-28.xml
2026-04-27 22:50:53,590 - INFO - Processing sitemap: https://www.prothomalo.com/sitemap/sitemap-daily-2025-12-17.xml
2026-04-27 22:50:53,639 - INFO - Processing sitemap: https://www.prothomalo.com/sitemap/sitemap-daily-2026-04-04.xml
2026-04-27 22:50:53,682 - INFO - Processing sitemap: https://www.prothomalo.com/sitemap/sitemap-daily-2025-12-08.xml
2026-04-27 22:50:53,725 - INFO - Processing sitemap: https://www.prothomalo.com/sitemap/sitemap-daily-2026-04-05.xml
2026-04-27 22:50:53,771 - INFO - Processing sitemap: https://www.prothomalo.com/sitemap/sitemap-daily-2025-09-07.xml
2026-04-27 22:50:53,812 - INFO - Processing sitemap: https://www.prothomalo.com/sitemap/sitemap-daily-2025-04-14.xml
2026-04-27 22:50:53,854 - INFO - Processing sitemap: https://www.prothomalo.com/sitemap/sitemap-daily-2026-04-27.xml
2026-04-27 22:50:53,901 - INFO - Processing sitemap: https://www.prothomalo.com/sitemap/sitemap-daily-2026-04-12.xml
2026-04-27 22:50:53,967 - INFO - Processing sitemap: https://www.prothomalo.com/sitemap/sitemap-daily-2025-04-15.xml
2026-04-27 22:50:54,009 - INFO - Processing sitemap: https://www.prothomalo.com/sitemap/sitemap-daily-2026-04-08.xml
2026-04-27 22:50:54,053 - INFO - Processing sitemap: https://www.prothomalo.com/sitemap/sitemap-daily-2026-04-25.xml
2026-04-27 22:50:54,099 - INFO - Processing sitemap: https://www.prothomalo.com/sitemap/sitemap-daily-2024-05-02.xml
2026-04-27 22:50:54,145 - INFO - Processing sitemap: https://www.prothomalo.com/sitemap/sitemap-daily-2026-01-11.xml
2026-04-27 22:50:54,209 - INFO - Processing sitemap: https://www.prothomalo.com/sitemap/sitemap-daily-2024-04-22.xml
2026-04-27 22:50:54,256 - INFO - Processing sitemap: https://www.prothomalo.com/sitemap/sitemap-daily-2026-04-03.xml
2026-04-27 22:50:54,328 - INFO - Processing sitemap: https://www.prothomalo.com/sitemap/sitemap-daily-2026-03-07.xml
2026-04-27 22:50:54,400 - INFO - Processing sitemap: https://www.prothomalo.com/sitemap/sitemap-daily-2025-02-28.xml
2026-04-27 22:50:54,450 - INFO - Processing sitemap: https://www.prothomalo.com/sitemap/sitemap-daily-2026-03-15.xml
2026-04-27 22:50:54,493 - INFO - Processing sitemap: https://www.prothomalo.com/sitemap/sitemap-daily-2021-04-23.xml
2026-04-27 22:50:54,539 - INFO - Processing sitemap: https://www.prothomalo.com/sitemap/sitemap-daily-2026-04-14.xml
2026-04-27 22:50:54,591 - INFO - Processing sitemap: https://www.prothomalo.com/sitemap/sitemap-daily-2022-06-26.xml
2026-04-27 22:50:54,630 - INFO - Processing sitemap: https://www.prothomalo.com/sitemap/sitemap-daily-2026-04-11.xml
2026-04-27 22:50:54,675 - INFO - Processing sitemap: https://www.prothomalo.com/sitemap/sitemap-daily-2026-04-09.xml
2026-04-27 22:50:54,720 - INFO - Processing sitemap: https://www.prothomalo.com/sitemap/sitemap-daily-2024-09-04.xml
2026-04-27 22:50:54,765 - INFO - Processing sitemap: https://www.prothomalo.com/sitemap/sitemap-daily-2024-04-06.xml
2026-04-27 22:50:54,807 - INFO - Processing sitemap: https://www.prothomalo.com/sitemap/sitemap-daily-2025-10-20.xml
2026-04-27 22:50:54,855 - INFO - Processing sitemap: https://www.prothomalo.com/sitemap/sitemap-daily-2025-09-27.xml
2026-04-27 22:50:54,903 - INFO - Processing sitemap: https://www.prothomalo.com/sitemap/sitemap-daily-2025-04-16.xml
2026-04-27 22:50:54,947 - INFO - Processing sitemap: https://www.prothomalo.com/sitemap/sitemap-daily-2023-12-29.xml
2026-04-27 22:50:54,990 - INFO - Processing sitemap: https://www.prothomalo.com/sitemap/sitemap-daily-2020-04-24.xml
2026-04-27 22:50:55,027 - INFO - Processing sitemap: https://www.prothomalo.com/sitemap/sitemap-daily-2026-02-11.xml
2026-04-27 22:50:55,075 - INFO - Processing sitemap: https://www.prothomalo.com/sitemap/sitemap-daily-2026-04-01.xml
2026-04-27 22:50:55,145 - INFO - Processing sitemap: https://www.prothomalo.com/sitemap/sitemap-daily-2025-06-05.xml
2026-04-27 22:50:55,204 - INFO - Processing sitemap: https://www.prothomalo.com/sitemap/sitemap-daily-2024-10-09.xml
2026-04-27 22:50:55,248 - INFO - Processing sitemap: https://www.prothomalo.com/sitemap/sitemap-daily-2022-04-18.xml
2026-04-27 22:50:55,306 - INFO - Processing sitemap: https://www.prothomalo.com/sitemap/sitemap-daily-2022-11-12.xml
2026-04-27 22:50:55,348 - INFO - Processing sitemap: https://www.prothomalo.com/sitemap/sitemap-daily-2024-09-03.xml
2026-04-27 22:50:55,392 - INFO - Processing sitemap: https://www.prothomalo.com/sitemap/sitemap-daily-2026-04-21.xml
2026-04-27 22:50:55,450 - INFO - Processing sitemap: https://www.prothomalo.com/sitemap/sitemap-daily-2026-03-05.xml
2026-04-27 22:50:55,495 - INFO - Processing sitemap: https://www.prothomalo.com/sitemap/sitemap-daily-2026-02-24.xml
2026-04-27 22:50:55,549 - INFO - Processing sitemap: https://www.prothomalo.com/sitemap/sitemap-daily-2025-03-11.xml
2026-04-27 22:50:55,600 - INFO - Processing sitemap: https://www.prothomalo.com/sitemap/sitemap-daily-2025-05-25.xml
2026-04-27 22:50:55,645 - INFO - Processing sitemap: https://www.prothomalo.com/sitemap/sitemap-daily-2026-04-24.xml
2026-04-27 22:50:55,697 - INFO - Processing sitemap: https://www.prothomalo.com/sitemap/sitemap-daily-2021-07-12.xml
2026-04-27 22:50:55,739 - INFO - Processing sitemap: https://www.prothomalo.com/sitemap/sitemap-daily-2025-04-12.xml
2026-04-27 22:50:55,785 - INFO - Processing sitemap: https://www.prothomalo.com/sitemap/sitemap-daily-2025-09-19.xml
2026-04-27 22:50:55,830 - INFO - Processing sitemap: https://www.prothomalo.com/sitemap/sitemap-daily-2022-03-08.xml
2026-04-27 22:50:55,875 - INFO - Processing sitemap: https://www.prothomalo.com/sitemap/sitemap-daily-2024-11-08.xml
2026-04-27 22:50:55,921 - INFO - Processing sitemap: https://www.prothomalo.com/sitemap/sitemap-daily-2026-01-28.xml
2026-04-27 22:50:55,970 - INFO - Processing sitemap: https://www.prothomalo.com/sitemap/sitemap-daily-2025-10-25.xml
2026-04-27 22:50:56,011 - INFO - Processing sitemap: https://www.prothomalo.com/sitemap/sitemap-daily-2021-12-25.xml
2026-04-27 22:50:56,057 - INFO - Processing sitemap: https://www.prothomalo.com/sitemap/sitemap-daily-2024-03-14.xml
2026-04-27 22:50:56,113 - INFO - Processing sitemap: https://www.prothomalo.com/sitemap/sitemap-daily-2024-10-29.xml
2026-04-27 22:50:56,163 - INFO - Processing sitemap: https://www.prothomalo.com/sitemap/sitemap-daily-2026-04-16.xml
2026-04-27 22:50:56,215 - INFO - Processing sitemap: https://www.prothomalo.com/sitemap/sitemap-daily-2026-04-13.xml
2026-04-27 22:50:56,275 - INFO - Processing sitemap: https://www.prothomalo.com/sitemap/sitemap-daily-2024-04-20.xml
2026-04-27 22:50:56,323 - INFO - Processing sitemap: https://www.prothomalo.com/sitemap/sitemap-daily-2026-04-02.xml
2026-04-27 22:50:56,376 - INFO - Processing sitemap: https://www.prothomalo.com/sitemap/sitemap-daily-2026-04-07.xml
2026-04-27 22:50:56,425 - INFO - Processing sitemap: https://www.prothomalo.com/sitemap/sitemap-daily-2023-02-27.xml
2026-04-27 22:50:56,473 - INFO - Processing sitemap: https://www.prothomalo.com/sitemap/sitemap-daily-2024-08-30.xml
2026-04-27 22:50:56,529 - INFO - Processing sitemap: https://www.prothomalo.com/sitemap/sitemap-daily-2026-03-30.xml
2026-04-27 22:50:56,579 - INFO - Processing sitemap: https://www.prothomalo.com/sitemap/sitemap-daily-2025-04-17.xml
2026-04-27 22:50:56,626 - INFO - Processing sitemap: https://www.prothomalo.com/sitemap/sitemap-daily-2026-03-29.xml
2026-04-27 22:50:56,732 - INFO - Processing sitemap: https://www.prothomalo.com/sitemap/sitemap-daily-2026-04-20.xml
2026-04-27 22:50:56,781 - INFO - Processing sitemap: https://www.prothomalo.com/sitemap/sitemap-daily-2026-04-19.xml
2026-04-27 22:50:56,853 - INFO - Processing sitemap: https://www.prothomalo.com/sitemap/sitemap-daily-2026-04-10.xml
2026-04-27 22:50:56,917 - INFO - Processing sitemap: https://www.prothomalo.com/sitemap/sitemap-daily-2025-07-19.xml
2026-04-27 22:50:56,990 - INFO - Processing sitemap: https://www.prothomalo.com/sitemap/sitemap-daily-2024-09-17.xml
2026-04-27 22:50:57,068 - INFO - Processing sitemap: https://www.prothomalo.com/sitemap/sitemap-daily-2024-03-12.xml
2026-04-27 22:50:57,117 - INFO - Processing sitemap: https://www.prothomalo.com/sitemap/sitemap-daily-2022-07-20.xml
2026-04-27 22:50:57,177 - INFO - Processing sitemap: https://www.prothomalo.com/sitemap/sitemap-daily-2025-08-11.xml
2026-04-27 22:50:57,235 - INFO - Processing sitemap: https://www.prothomalo.com/sitemap/sitemap-daily-2026-01-16.xml
2026-04-27 22:50:57,288 - INFO - Processing sitemap: https://www.prothomalo.com/sitemap/sitemap-daily-2026-02-08.xml
2026-04-27 22:50:57,359 - INFO - Processing sitemap: https://www.prothomalo.com/sitemap/sitemap-daily-2026-04-23.xml
2026-04-27 22:50:57,412 - INFO - Processing sitemap: https://www.prothomalo.com/sitemap/sitemap-daily-2026-04-22.xml
2026-04-27 22:50:57,456 - INFO - Processing sitemap: https://www.prothomalo.com/sitemap/sitemap-daily-2025-04-26.xml
2026-04-27 22:50:57,498 - INFO - Processing sitemap: https://www.prothomalo.com/sitemap/sitemap-daily-2022-12-22.xml
2026-04-27 22:50:57,551 - INFO - Processing sitemap: https://www.prothomalo.com/sitemap/sitemap-daily-2022-04-28.xml
2026-04-27 22:50:57,598 - INFO - Processing sitemap: https://www.prothomalo.com/sitemap/sitemap-daily-2026-04-15.xml
2026-04-27 22:50:57,643 - INFO - Processing sitemap: https://www.prothomalo.com/sitemap/sitemap-daily-2026-04-06.xml
2026-04-27 22:50:57,692 - INFO - Processing sitemap: https://www.prothomalo.com/sitemap/sitemap-daily-2025-02-26.xml
2026-04-27 22:50:57,739 - INFO - Processing sitemap: https://www.prothomalo.com/sitemap/sitemap-daily-2022-04-06.xml
2026-04-27 22:50:57,779 - INFO - Processing sitemap: https://www.prothomalo.com/sitemap/sitemap-daily-2026-03-23.xml
2026-04-27 22:50:57,824 - INFO - Processing sitemap: https://www.prothomalo.com/sitemap/sitemap-daily-2020-04-14.xml
2026-04-27 22:50:57,868 - INFO - Processing sitemap: https://www.prothomalo.com/sitemap/sitemap-section.xml
2026-04-27 22:50:57,911 - INFO - Processing sitemap: https://www.prothomalo.com/sitemap/sitemap-daily-2023-04-11.xml
2026-04-27 22:50:57,962 - INFO - Processing sitemap: https://www.prothomalo.com/sitemap/sitemap-daily-2026-03-31.xml
2026-04-27 22:50:58,007 - INFO - Processing sitemap: https://www.prothomalo.com/sitemap/sitemap-daily-2022-08-16.xml
2026-04-27 22:50:58,050 - INFO - Processing sitemap: https://www.prothomalo.com/sitemap/sitemap-daily-2022-09-29.xml
2026-04-27 22:50:58,095 - INFO - Processing sitemap: https://www.prothomalo.com/sitemap/sitemap-static-pages.xml
2026-04-27 22:50:58,145 - INFO - Processing sitemap: https://www.prothomalo.com/sitemap/sitemap-daily-2025-06-04.xml
2026-04-27 22:50:58,198 - INFO - Total unique URLs found: 27255
2026-04-27 22:50:58,203 - INFO - Processing 5.0% of URLs (1362/27255)
2026-04-27 22:50:58,203 - INFO - Processing 1362 new URLs...
2026-04-27 22:51:00,088 - INFO - Progress: 50/1362
2026-04-27 22:51:01,863 - INFO - Progress: 100/1362
2026-04-27 22:51:03,596 - INFO - Progress: 150/1362
2026-04-27 22:51:05,109 - INFO - Progress: 200/1362
2026-04-27 22:51:06,756 - INFO - Progress: 250/1362
2026-04-27 22:51:08,245 - INFO - Progress: 300/1362
2026-04-27 22:51:09,840 - INFO - Progress: 350/1362
2026-04-27 22:51:11,360 - INFO - Progress: 400/1362
2026-04-27 22:51:12,894 - INFO - Progress: 450/1362
2026-04-27 22:51:18,967 - INFO - Progress: 500/1362
2026-04-27 22:51:20,474 - INFO - Progress: 550/1362
2026-04-27 22:51:21,978 - INFO - Progress: 600/1362
2026-04-27 22:51:23,524 - INFO - Progress: 650/1362
2026-04-27 22:51:25,019 - INFO - Progress: 700/1362
2026-04-27 22:51:26,515 - INFO - Progress: 750/1362
2026-04-27 22:51:28,062 - INFO - Progress: 800/1362
2026-04-27 22:51:29,579 - INFO - Progress: 850/1362
2026-04-27 22:51:31,066 - INFO - Progress: 900/1362
2026-04-27 22:51:32,632 - INFO - Progress: 950/1362
2026-04-27 22:51:34,278 - INFO - Progress: 1000/1362
2026-04-27 22:51:35,820 - INFO - Progress: 1050/1362
2026-04-27 22:51:37,387 - INFO - Progress: 1100/1362
2026-04-27 22:51:37,747 - INFO - Progress: 1150/1362
2026-04-27 22:51:38,063 - INFO - Progress: 1200/1362
2026-04-27 22:51:38,401 - INFO - Progress: 1250/1362
2026-04-27 22:51:38,546 - WARNING - Error extracting from https://northamerica.prothomalo.com/করোনায়-হারালাম-আরেক-কাছের-মানুষ: Cannot connect to host northamerica.prothomalo.com:443 ssl:default [No address associated with hostname]
2026-04-27 22:51:38,642 - INFO - Progress: 1300/1362
2026-04-27 22:51:39,028 - INFO - Progress: 1350/1362
2026-04-27 22:51:39,163 - INFO - Progress: 1362/1362
2026-04-27 22:51:39,339 - INFO - Saved 1362 new URLs to Excel: output/prothomalo.xlsx
2026-04-27 22:51:39,376 - INFO - Saved 1015 news articles to database: output/prothomalo.db
2026-04-27 22:51:39,376 - INFO - Extraction complete for https://www.prothomalo.com:
2026-04-27 22:51:39,376 - INFO -   - New URLs extracted: 1362
2026-04-27 22:51:39,377 - INFO -   - Total URLs found: 27255
2026-04-27 22:51:39,377 - INFO -   - Articles with content: 1015
2026-04-27 22:51:39,378 - INFO - 
============================================================
2026-04-27 22:51:39,378 - INFO - Processing: https://bangla.thedailystar.net
2026-04-27 22:51:39,378 - INFO - Excel: output/bangla.thedailystar.xlsx
2026-04-27 22:51:39,378 - INFO - DB: output/bangla.thedailystar.db
2026-04-27 22:51:39,378 - INFO - ============================================================
2026-04-27 22:51:39,391 - INFO - Database initialized: output/bangla.thedailystar.db
2026-04-27 22:51:39,391 - INFO - Starting extraction for https://bangla.thedailystar.net
2026-04-27 22:51:39,391 - INFO - Processing mode: 1.0% of total URLs
2026-04-27 22:51:40,249 - INFO - Found 1 sitemap(s) in robots.txt
2026-04-27 22:51:40,250 - INFO - Processing 1 sitemap(s)...
2026-04-27 22:51:40,250 - INFO - Processing sitemap: https://bangla.thedailystar.net/sitemap.xml
2026-04-27 22:51:41,131 - INFO - Processing sitemap: https://bangla.thedailystar.net/sitemap.xml?page=5
2026-04-27 22:51:42,195 - INFO - Processing sitemap: https://bangla.thedailystar.net/sitemap.xml?page=8
2026-04-27 22:51:43,165 - INFO - Processing sitemap: https://bangla.thedailystar.net/sitemap.xml?page=3
2026-04-27 22:51:44,220 - INFO - Processing sitemap: https://bangla.thedailystar.net/sitemap.xml?page=4
2026-04-27 22:51:45,321 - INFO - Processing sitemap: https://bangla.thedailystar.net/sitemap.xml?page=7
2026-04-27 22:51:46,344 - INFO - Processing sitemap: https://bangla.thedailystar.net/sitemap.xml?page=10
2026-04-27 22:51:47,401 - INFO - Processing sitemap: https://bangla.thedailystar.net/sitemap.xml?page=14
2026-04-27 22:51:48,480 - INFO - Processing sitemap: https://bangla.thedailystar.net/sitemap.xml?page=6
2026-04-27 22:51:49,542 - INFO - Processing sitemap: https://bangla.thedailystar.net/sitemap.xml?page=11
2026-04-27 22:51:50,586 - INFO - Processing sitemap: https://bangla.thedailystar.net/sitemap.xml?page=13
2026-04-27 22:51:51,596 - INFO - Processing sitemap: https://bangla.thedailystar.net/sitemap.xml?page=12
2026-04-27 22:51:52,644 - INFO - Processing sitemap: https://bangla.thedailystar.net/sitemap.xml?page=15
2026-04-27 22:51:53,566 - INFO - Processing sitemap: https://bangla.thedailystar.net/sitemap.xml?page=2
2026-04-27 22:51:54,631 - INFO - Processing sitemap: https://bangla.thedailystar.net/sitemap.xml?page=9
2026-04-27 22:51:55,716 - INFO - Processing sitemap: https://bangla.thedailystar.net/sitemap.xml?page=1
2026-04-27 22:51:56,721 - INFO - Total unique URLs found: 142526
2026-04-27 22:51:56,744 - INFO - Processing 1.0% of URLs (1425/142526)
2026-04-27 22:51:56,744 - INFO - Processing 1425 new URLs...
2026-04-27 22:51:59,984 - INFO - Progress: 50/1425
2026-04-27 22:52:03,075 - INFO - Progress: 100/1425
2026-04-27 22:52:06,161 - INFO - Progress: 150/1425
2026-04-27 22:52:09,085 - INFO - Progress: 200/1425
2026-04-27 22:52:12,029 - INFO - Progress: 250/1425
2026-04-27 22:52:14,795 - INFO - Progress: 300/1425
2026-04-27 22:52:17,811 - INFO - Progress: 350/1425
2026-04-27 22:52:20,707 - INFO - Progress: 400/1425
2026-04-27 22:52:23,454 - INFO - Progress: 450/1425
2026-04-27 22:52:26,139 - INFO - Progress: 500/1425
2026-04-27 22:52:28,955 - INFO - Progress: 550/1425
2026-04-27 22:52:31,734 - INFO - Progress: 600/1425
2026-04-27 22:52:34,166 - INFO - Progress: 650/1425
2026-04-27 22:52:37,212 - INFO - Progress: 700/1425
2026-04-27 22:52:39,991 - INFO - Progress: 750/1425
2026-04-27 22:52:42,681 - INFO - Progress: 800/1425
2026-04-27 22:52:45,357 - INFO - Progress: 850/1425
2026-04-27 22:52:50,299 - INFO - Progress: 900/1425
2026-04-27 22:52:52,902 - INFO - Progress: 950/1425
2026-04-27 22:52:55,638 - INFO - Progress: 1000/1425
2026-04-27 22:52:58,264 - INFO - Progress: 1050/1425
2026-04-27 22:53:00,844 - INFO - Progress: 1100/1425
2026-04-27 22:53:03,349 - INFO - Progress: 1150/1425
2026-04-27 22:53:06,101 - INFO - Progress: 1200/1425
2026-04-27 22:53:08,665 - INFO - Progress: 1250/1425
2026-04-27 22:53:11,187 - INFO - Progress: 1300/1425
2026-04-27 22:53:13,629 - INFO - Progress: 1350/1425
2026-04-27 22:53:16,067 - INFO - Progress: 1400/1425
2026-04-27 22:53:18,043 - INFO - Progress: 1425/1425
2026-04-27 22:53:18,163 - INFO - Saved 1425 new URLs to Excel: output/bangla.thedailystar.xlsx
2026-04-27 22:53:18,208 - INFO - Saved 1425 news articles to database: output/bangla.thedailystar.db
2026-04-27 22:53:18,209 - INFO - Extraction complete for https://bangla.thedailystar.net:
2026-04-27 22:53:18,209 - INFO -   - New URLs extracted: 1425
2026-04-27 22:53:18,209 - INFO -   - Total URLs found: 142526
2026-04-27 22:53:18,209 - INFO -   - Articles with content: 1425
2026-04-27 22:53:18,210 - INFO - 
✅ All sites extraction completed!
